Error fetching quotations: error: relation "quotations" does not exist
    at E:\ERP App Development\erp-backend\node_modules\pg-pool\index.js:45:11
    at process.processTicksAndRejections (node:internal/process/task_queues:105:5)
    at async file:///E:/ERP%20App%20Development/erp-backend/routes/quotations.js:10:20 {
  length: 109,
  severity: 'ERROR',
  code: '42P01',
  detail: undefined,
  hint: undefined,
  position: '49',
  internalPosition: undefined,
  internalQuery: undefined,
  where: undefined,
  schema: undefined,
  table: undefined,
  column: undefined,
  dataType: undefined,
  constraint: undefined,
  file: 'parse_relation.c',
  line: '1469',
  routine: 'parserOpenTable'
}
Error fetching quotations: error: relation "quotations" does not exist
    at E:\ERP App Development\erp-backend\node_modules\pg-pool\index.js:45:11
    at process.processTicksAndRejections (node:internal/process/task_queues:105:5)
    at async file:///E:/ERP%20App%20Development/erp-backend/routes/quotations.js:10:20 {
  length: 109,
  severity: 'ERROR',
  code: '42P01',
  detail: undefined,
  hint: undefined,
  position: '49',
  internalPosition: undefined,
  internalQuery: undefined,
  where: undefined,
  schema: undefined,
  table: undefined,
  column: undefined,
  dataType: undefined,
  constraint: undefined,
  file: 'parse_relation.c',
  line: '1469',
  routine: 'parserOpenTable'
}
Error creating sales return: error: invalid input syntax for type integer: ""
    at E:\ERP App Development\erp-backend\node_modules\pg\lib\client.js:631:17
    at process.processTicksAndRejections (node:internal/process/task_queues:105:5)
    at async file:///E:/ERP%20App%20Development/erp-backend/routes/returns.js:113:7 {
  length: 140,
  severity: 'ERROR',
  code: '22P02',
  detail: undefined,
  hint: undefined,
  position: undefined,
  internalPosition: undefined,
  internalQuery: undefined,
  where: "unnamed portal parameter $6 = ''",
  schema: undefined,
  table: undefined,
  column: undefined,
  dataType: undefined,
  constraint: undefined,
  file: 'numutils.c',
  line: '618',
  routine: 'pg_strtoint32_safe'
}
Error creating sales return: error: invalid input syntax for type integer: ""
    at E:\ERP App Development\erp-backend\node_modules\pg\lib\client.js:631:17
    at process.processTicksAndRejections (node:internal/process/task_queues:105:5)
    at async file:///E:/ERP%20App%20Development/erp-backend/routes/returns.js:113:7 {
  length: 140,
  severity: 'ERROR',
  code: '22P02',
  detail: undefined,
  hint: undefined,
  position: undefined,
  internalPosition: undefined,
  internalQuery: undefined,
  where: "unnamed portal parameter $6 = ''",
  schema: undefined,
  table: undefined,
  column: undefined,
  dataType: undefined,
  constraint: undefined,
  file: 'numutils.c',
  line: '618',
  routine: 'pg_strtoint32_safe'
}
Error creating sales return: error: invalid input syntax for type integer: ""
    at E:\ERP App Development\erp-backend\node_modules\pg\lib\client.js:631:17
    at process.processTicksAndRejections (node:internal/process/task_queues:105:5)
    at async file:///E:/ERP%20App%20Development/erp-backend/routes/returns.js:113:7 {
  length: 140,
  severity: 'ERROR',
  code: '22P02',
  detail: undefined,
  hint: undefined,
  position: undefined,
  internalPosition: undefined,
  internalQuery: undefined,
  where: "unnamed portal parameter $6 = ''",
  schema: undefined,
  table: undefined,
  column: undefined,
  dataType: undefined,
  constraint: undefined,
  file: 'numutils.c',
  line: '618',
  routine: 'pg_strtoint32_safe'
}
